[debug] [2023-05-16T20:09:34.376Z] ----------------------------------------------------------------------
[debug] [2023-05-16T20:09:34.379Z] Command:       /nix/store/3w6dcj7vi42w45q8mc5drb5ndcvzjhqy-nodejs-18.14.1/bin/node /home/anthony/dev/portfolio/ainfortun.io/node_modules/.bin/firebase deploy --only hosting
[debug] [2023-05-16T20:09:34.380Z] CLI Version:   11.27.0
[debug] [2023-05-16T20:09:34.380Z] Platform:      linux
[debug] [2023-05-16T20:09:34.381Z] Node Version:  v18.14.1
[debug] [2023-05-16T20:09:34.381Z] Time:          Tue May 16 2023 16:09:34 GMT-0400 (Eastern Daylight Time)
[debug] [2023-05-16T20:09:34.381Z] ----------------------------------------------------------------------
[debug] 
[debug] [2023-05-16T20:09:34.459Z] > command requires scopes: ["email","openid","https://www.googleapis.com/auth/cloudplatformprojects.readonly","https://www.googleapis.com/auth/firebase","https://www.googleapis.com/auth/cloud-platform"]
[debug] [2023-05-16T20:09:34.460Z] > authorizing via signed-in user (ainfortunio1@gmail.com)
[debug] [2023-05-16T20:09:34.460Z] [iam] checking project anthonyinfortunio for permissions ["firebase.projects.get","firebasehosting.sites.update"]
[debug] [2023-05-16T20:09:34.464Z] >>> [apiv2][query] POST https://cloudresourcemanager.googleapis.com/v1/projects/anthonyinfortunio:testIamPermissions [none]
[debug] [2023-05-16T20:09:34.464Z] >>> [apiv2][(partial)header] POST https://cloudresourcemanager.googleapis.com/v1/projects/anthonyinfortunio:testIamPermissions x-goog-quota-user=projects/anthonyinfortunio
[debug] [2023-05-16T20:09:34.464Z] >>> [apiv2][body] POST https://cloudresourcemanager.googleapis.com/v1/projects/anthonyinfortunio:testIamPermissions {"permissions":["firebase.projects.get","firebasehosting.sites.update"]}
[debug] [2023-05-16T20:09:35.069Z] <<< [apiv2][status] POST https://cloudresourcemanager.googleapis.com/v1/projects/anthonyinfortunio:testIamPermissions 200
[debug] [2023-05-16T20:09:35.069Z] <<< [apiv2][body] POST https://cloudresourcemanager.googleapis.com/v1/projects/anthonyinfortunio:testIamPermissions {"permissions":["firebase.projects.get","firebasehosting.sites.update"]}
[debug] [2023-05-16T20:09:35.072Z] >>> [apiv2][query] GET https://firebase.googleapis.com/v1beta1/projects/anthonyinfortunio [none]
[debug] [2023-05-16T20:09:35.461Z] <<< [apiv2][status] GET https://firebase.googleapis.com/v1beta1/projects/anthonyinfortunio 200
[debug] [2023-05-16T20:09:35.462Z] <<< [apiv2][body] GET https://firebase.googleapis.com/v1beta1/projects/anthonyinfortunio {"projectId":"anthonyinfortunio","projectNumber":"370336741582","displayName":"anthonyinfortunio","name":"projects/anthonyinfortunio","resources":{"hostingSite":"anthonyinfortunio"},"state":"ACTIVE","etag":"1_8f7f9b4d-f5b6-42b7-b5db-9bb807228285"}
[info] 
[info] === Deploying to 'anthonyinfortunio'...
[info] 
[info] i  deploying hosting 
[debug] [2023-05-16T20:09:35.476Z] >>> [apiv2][query] POST https://firebasehosting.googleapis.com/v1beta1/projects/-/sites/anthonyinfortunio/versions [none]
[debug] [2023-05-16T20:09:35.476Z] >>> [apiv2][body] POST https://firebasehosting.googleapis.com/v1beta1/projects/-/sites/anthonyinfortunio/versions {"status":"CREATED","labels":{"deployment-tool":"cli-firebase"}}
